2025-12-01 19:56:07 | DEBUG | bot | [VOL_FILTER] TRXUSDT filtered: 0.169% < 0.25%
2025-12-01 19:56:07 | INFO | bot |    - Result: HOLD0, reason: low_volatility
2025-12-01 19:56:07 | DEBUG | bot | [SIGNAL_DEBUG] TRXUSDT: imb=38.69, mom=-98.43236096090419, vol=0.169
2025-12-01 19:56:07 | DEBUG | bot | [SIGNAL_DEBUG] TRXUSDT: bayesian=NEUTRAL, freq=HIGH, vol_confirm=NEUTRAL
2025-12-01 19:56:07 | DEBUG | bot | [VOL_FILTER] TRXUSDT filtered: 0.169% < 0.25%
2025-12-01 19:56:07 | INFO | bot | [VOLATILITY_REAL] HFTUSDT: 310 trades, range=1.369%, atr=0.026%, std=0.307%
2025-12-01 19:56:07 | INFO | bot | [IMBALANCE_CALC] HFTUSDT: 50 bids, 50 asks, bid_volume=$24752.02, ask_volume=$15426.96
2025-12-01 19:56:07 | INFO | bot | [ADAPTIVE_CLUSTER] HFTUSDT: 22min - POC=0.031400 (dist=0.06%), strength=1.00, supports=2, resistances=3
2025-12-01 19:56:07 | DEBUG | bot | [IMBALANCE] HFTUSDT: imb=22.6, hist=32.4, weighted=-7.5, effective=17.3, bayesian=NEUTRAL, trade_imb=16.0%
2025-12-01 19:56:07 | DEBUG | bot | [SIGNAL_DEBUG] HFTUSDT: imb=17.3, mom=0.0, vol=1.369
2025-12-01 19:56:07 | DEBUG | bot | [SIGNAL_DEBUG] HFTUSDT: bayesian=NEUTRAL, freq=VERY_LOW, vol_confirm=NEUTRAL
2025-12-01 19:56:07 | DEBUG | bot | [OHARA_FILTER] HFTUSDT: VERY_LOW activity - low liquidity
2025-12-01 19:56:07 | DEBUG | bot | [OHARA_FILTER] TRXUSDT: O'Hara score too low (4/5)
2025-12-01 19:56:07 | DEBUG | bot | [OHARA_FILTER] HFTUSDT: O'Hara score too low (2/5)
2025-12-01 19:56:09 | INFO | bot | [VOLATILITY_REAL] AAVEUSDT: 4741 trades, range=0.962%, atr=0.003%, std=0.205%
2025-12-01 19:56:09 | INFO | bot | [ADAPTIVE_MOMENTUM] AAVEUSDT: combined=-79.1% windows=[22, 45, 90, 180]
2025-12-01 19:56:09 | DEBUG | bot | [VWAP_CALC] 112 trades, total_quantity=72.04, vwap=164.232841
2025-12-01 19:56:09 | INFO | bot | [IMBALANCE_CALC] AAVEUSDT: 50 bids, 50 asks, bid_volume=$394456.78, ask_volume=$305118.59
2025-12-01 19:56:09 | INFO | bot | [ADAPTIVE_CLUSTER] AAVEUSDT: 22min - POC=164.500000 (dist=0.11%), strength=1.00, supports=2, resistances=3
2025-12-01 19:56:09 | DEBUG | bot | [IMBALANCE] AAVEUSDT: imb=16.6, hist=12.2, weighted=40.4, effective=13.1, bayesian=BULLISH, trade_imb=-24.0%
2025-12-01 19:56:09 | INFO | bot | ðŸ” [SIGNAL_DEBUG] AAVEUSDT: 
2025-12-01 19:56:09 | INFO | bot |    - Imbalance: 13.1 -> factor: 0.131
2025-12-01 19:56:09 | INFO | bot |    - Momentum: -79.1 -> factor: -0.791
2025-12-01 19:56:09 | INFO | bot |    - Bayesian: BULLISH -> factor: 0.404
2025-12-01 19:56:09 | INFO | bot |    - Large Orders: STRONG_BUY -> factor: 0.800
2025-12-01 19:56:09 | INFO | bot |    - Frequency: NORMAL -> factor: 0.000
2025-12-01 19:56:09 | INFO | bot |    - Vol Confirm: NEUTRAL -> factor: 0.000
2025-12-01 19:56:09 | INFO | bot |    - Composite: 0.322, EMA: 0.186
2025-12-01 19:56:09 | INFO | bot |    - Result: HOLD0, reason: weak_signal
2025-12-01 19:56:09 | DEBUG | bot | [SIGNAL_DEBUG] AAVEUSDT: imb=13.1, mom=-79.11098877290652, vol=0.962
2025-12-01 19:56:09 | DEBUG | bot | [SIGNAL_DEBUG] AAVEUSDT: bayesian=BULLISH, freq=NORMAL, vol_confirm=NEUTRAL
2025-12-01 19:56:09 | INFO | bot | [VOLATILITY_REAL] STRKUSDT: 2780 trades, range=1.013%, atr=0.005%, std=0.280%
2025-12-01 19:56:09 | INFO | bot | [ADAPTIVE_MOMENTUM] STRKUSDT: combined=-33.3% windows=[22, 45, 90, 180]
2025-12-01 19:56:09 | DEBUG | bot | [VWAP_CALC] 64 trades, total_quantity=34424.9, vwap=0.118720
2025-12-01 19:56:09 | INFO | bot | [IMBALANCE_CALC] STRKUSDT: 50 bids, 50 asks, bid_volume=$965540.25, ask_volume=$807959.79
2025-12-01 19:56:09 | INFO | bot | [ADAPTIVE_CLUSTER] STRKUSDT: 22min - POC=0.118600 (dist=-0.04%), strength=1.00, supports=3, resistances=3
2025-12-01 19:56:09 | DEBUG | bot | [IMBALANCE] STRKUSDT: imb=10.6, hist=11.2, weighted=18.5, effective=8.9, bayesian=BEARISH, trade_imb=-80.0%
2025-12-01 19:56:09 | DEBUG | bot | [SIGNAL_DEBUG] STRKUSDT: imb=8.89, mom=-33.265516630306195, vol=1.013
2025-12-01 19:56:09 | DEBUG | bot | [SIGNAL_DEBUG] STRKUSDT: bayesian=BEARISH, freq=NORMAL, vol_confirm=NEUTRAL
2025-12-01 19:56:11 | INFO | bot | [VOLATILITY_REAL] BTCUSDT: 57501 trades, range=0.707%, atr=0.000%, std=0.179%
2025-12-01 19:56:11 | DEBUG | bot | [ADAPTIVE_WINDOW] BTCUSDT: vol=0.179%, base=30s, adaptive=45s, multiplier=1.50
2025-12-01 19:56:11 | DEBUG | bot | [ADAPTIVE_WINDOW] BTCUSDT: vol=0.179%, base=300s, adaptive=450s, multiplier=1.50
2025-12-01 19:56:11 | DEBUG | bot | [ADAPTIVE_WINDOW] BTCUSDT: vol=0.179%, base=15s, adaptive=22s, multiplier=1.50
2025-12-01 19:56:11 | DEBUG | bot | [ADAPTIVE_WINDOW] BTCUSDT: vol=0.179%, base=60s, adaptive=90s, multiplier=1.50
2025-12-01 19:56:11 | DEBUG | bot | [ADAPTIVE_WINDOW] BTCUSDT: vol=0.179%, base=120s, adaptive=180s, multiplier=1.50
2025-12-01 19:56:11 | INFO | bot | [ADAPTIVE_MOMENTUM] BTCUSDT: combined=-38.9% windows=[22, 45, 90, 180]
2025-12-01 19:56:11 | DEBUG | bot | [VWAP_CALC] 2092 trades, total_quantity=53.362, vwap=84970.418369
2025-12-01 19:56:11 | INFO | bot | [IMBALANCE_CALC] BTCUSDT: 50 bids, 50 asks, bid_volume=$2176406.08, ask_volume=$384484.93
2025-12-01 19:56:11 | INFO | bot | [ADAPTIVE_CLUSTER] BTCUSDT: 22min - POC=85194.100000 (dist=0.23%), strength=1.00, supports=3, resistances=3
2025-12-01 19:56:11 | DEBUG | bot | [IMBALANCE] BTCUSDT: imb=42.4, hist=22.0, weighted=69.9, effective=29.9, bayesian=BULLISH, trade_imb=-8.0%
2025-12-01 19:56:11 | DEBUG | bot | [SIGNAL_DEBUG] BTCUSDT: imb=29.86, mom=-38.880077178228895, vol=0.707
2025-12-01 19:56:11 | DEBUG | bot | [SIGNAL_DEBUG] BTCUSDT: bayesian=BULLISH, freq=NORMAL, vol_confirm=NEUTRAL
2025-12-01 19:56:11 | INFO | bot | [VOLATILITY_REAL] ETHUSDT: 41210 trades, range=0.688%, atr=0.000%, std=0.157%
2025-12-01 19:56:11 | DEBUG | bot | [ADAPTIVE_WINDOW] ETHUSDT: vol=0.157%, base=30s, adaptive=45s, multiplier=1.50
2025-12-01 19:56:11 | DEBUG | bot | [ADAPTIVE_WINDOW] ETHUSDT: vol=0.157%, base=300s, adaptive=450s, multiplier=1.50
2025-12-01 19:56:11 | DEBUG | bot | [ADAPTIVE_WINDOW] ETHUSDT: vol=0.158%, base=15s, adaptive=22s, multiplier=1.50
2025-12-01 19:56:11 | DEBUG | bot | [ADAPTIVE_WINDOW] ETHUSDT: vol=0.158%, base=60s, adaptive=90s, multiplier=1.50
2025-12-01 19:56:11 | DEBUG | bot | [ADAPTIVE_WINDOW] ETHUSDT: vol=0.158%, base=120s, adaptive=180s, multiplier=1.50
2025-12-01 19:56:11 | DEBUG | bot | [VWAP_CALC] 1226 trades, total_quantity=541.04, vwap=2743.201940
2025-12-01 19:56:11 | INFO | bot | [IMBALANCE_CALC] ETHUSDT: 50 bids, 50 asks, bid_volume=$763317.94, ask_volume=$291485.57
2025-12-01 19:56:11 | INFO | bot | [ADAPTIVE_CLUSTER] ETHUSDT: 22min - POC=2748.860000 (dist=0.18%), strength=1.00, supports=3, resistances=3
2025-12-01 19:56:11 | DEBUG | bot | [IMBALANCE] ETHUSDT: imb=20.9, hist=14.2, weighted=84.0, effective=20.2, bayesian=BULLISH, trade_imb=60.0%
2025-12-01 19:56:11 | DEBUG | bot | [SIGNAL_DEBUG] ETHUSDT: imb=20.24, mom=-21.582100650580315, vol=0.688
2025-12-01 19:56:11 | DEBUG | bot | [SIGNAL_DEBUG] ETHUSDT: bayesian=BULLISH, freq=NORMAL, vol_confirm=NEUTRAL
2025-12-01 19:56:11 | INFO | bot | [VOLATILITY_REAL] BNBUSDT: 3080 trades, range=0.726%, atr=0.002%, std=0.165%
2025-12-01 19:56:11 | DEBUG | bot | [ADAPTIVE_WINDOW] BNBUSDT: vol=0.165%, base=30s, adaptive=45s, multiplier=1.50
2025-12-01 19:56:11 | DEBUG | bot | [ADAPTIVE_WINDOW] BNBUSDT: vol=0.165%, base=300s, adaptive=450s, multiplier=1.50
2025-12-01 19:56:11 | DEBUG | bot | [ADAPTIVE_WINDOW] BNBUSDT: vol=0.166%, base=15s, adaptive=22s, multiplier=1.50
2025-12-01 19:56:11 | DEBUG | bot | [ADAPTIVE_WINDOW] BNBUSDT: vol=0.166%, base=60s, adaptive=90s, multiplier=1.50
2025-12-01 19:56:11 | DEBUG | bot | [ADAPTIVE_WINDOW] BNBUSDT: vol=0.166%, base=120s, adaptive=180s, multiplier=1.50
2025-12-01 19:56:11 | INFO | bot | [ADAPTIVE_MOMENTUM] BNBUSDT: combined=-78.7% windows=[22, 45, 90, 180]
2025-12-01 19:56:11 | DEBUG | bot | [VWAP_CALC] 91 trades, total_quantity=48.75, vwap=813.004144
2025-12-01 19:56:11 | INFO | bot | [IMBALANCE_CALC] BNBUSDT: 50 bids, 50 asks, bid_volume=$3440380.73, ask_volume=$2590164.09
2025-12-01 19:56:11 | INFO | bot | [ADAPTIVE_CLUSTER] BNBUSDT: 22min - POC=814.900000 (dist=0.23%), strength=1.00, supports=2, resistances=3
2025-12-01 19:56:11 | DEBUG | bot | [IMBALANCE] BNBUSDT: imb=11.9, hist=8.2, weighted=3.0, effective=7.8, bayesian=BEARISH, trade_imb=-56.0%
2025-12-01 19:56:11 | INFO | bot | ðŸ” [SIGNAL_DEBUG] BNBUSDT: 
2025-12-01 19:56:11 | INFO | bot |    - Imbalance: 7.8 -> factor: 0.078
2025-12-01 19:56:11 | INFO | bot |    - Momentum: -78.7 -> factor: -0.787
2025-12-01 19:56:11 | INFO | bot |    - Bayesian: BEARISH -> factor: -0.374
2025-12-01 19:56:11 | INFO | bot |    - Large Orders: MEDIUM_BUY -> factor: 0.400
2025-12-01 19:56:11 | INFO | bot |    - Frequency: NORMAL -> factor: 0.000
2025-12-01 19:56:11 | INFO | bot |    - Vol Confirm: NEUTRAL -> factor: 0.000
2025-12-01 19:56:11 | INFO | bot |    - Composite: 0.096, EMA: -0.047
2025-12-01 19:56:11 | INFO | bot |    - Result: HOLD0, reason: below_threshold
2025-12-01 19:56:11 | DEBUG | bot | [SIGNAL_DEBUG] BNBUSDT: imb=7.79, mom=-78.68845311838928, vol=0.726
2025-12-01 19:56:11 | DEBUG | bot | [SIGNAL_DEBUG] BNBUSDT: bayesian=BEARISH, freq=NORMAL, vol_confirm=NEUTRAL
2025-12-01 19:56:13 | INFO | bot | [VOLATILITY_REAL] SOLUSDT: 17303 trades, range=0.828%, atr=0.001%, std=0.199%
2025-12-01 19:56:13 | DEBUG | bot | [ADAPTIVE_WINDOW] SOLUSDT: vol=0.199%, base=30s, adaptive=45s, multiplier=1.50
2025-12-01 19:56:13 | DEBUG | bot | [ADAPTIVE_WINDOW] SOLUSDT: vol=0.199%, base=300s, adaptive=450s, multiplier=1.50
2025-12-01 19:56:13 | DEBUG | bot | [ADAPTIVE_WINDOW] SOLUSDT: vol=0.199%, base=15s, adaptive=22s, multiplier=1.50
2025-12-01 19:56:13 | DEBUG | bot | [ADAPTIVE_WINDOW] SOLUSDT: vol=0.199%, base=60s, adaptive=90s, multiplier=1.50
2025-12-01 19:56:13 | DEBUG | bot | [ADAPTIVE_WINDOW] SOLUSDT: vol=0.199%, base=120s, adaptive=180s, multiplier=1.50
2025-12-01 19:56:13 | INFO | bot | [ADAPTIVE_MOMENTUM] SOLUSDT: combined=-54.7% windows=[22, 45, 90, 180]
2025-12-01 19:56:13 | DEBUG | bot | [VWAP_CALC] 463 trades, total_quantity=4342.7, vwap=124.518837
2025-12-01 19:56:13 | INFO | bot | [IMBALANCE_CALC] SOLUSDT: 50 bids, 50 asks, bid_volume=$12694139.02, ask_volume=$14122055.25
2025-12-01 19:56:13 | INFO | bot | [ADAPTIVE_CLUSTER] SOLUSDT: 22min - POC=124.750000 (dist=0.09%), strength=1.00, supports=3, resistances=3
2025-12-01 19:56:13 | DEBUG | bot | [IMBALANCE] SOLUSDT: imb=-3.1, hist=-3.0, weighted=6.8, effective=-2.1, bayesian=NEUTRAL, trade_imb=52.0%
2025-12-01 19:56:13 | INFO | bot | ðŸ” [SIGNAL_DEBUG] SOLUSDT: 
2025-12-01 19:56:13 | INFO | bot |    - Imbalance: -2.1 -> factor: -0.021
2025-12-01 19:56:13 | INFO | bot |    - Momentum: -54.7 -> factor: -0.547
2025-12-01 19:56:13 | INFO | bot |    - Bayesian: NEUTRAL -> factor: 0.000
2025-12-01 19:56:13 | INFO | bot |    - Large Orders: STRONG_BUY -> factor: 0.800
2025-12-01 19:56:13 | INFO | bot |    - Frequency: NORMAL -> factor: 0.000
2025-12-01 19:56:13 | INFO | bot |    - Vol Confirm: NEUTRAL -> factor: 0.000
2025-12-01 19:56:13 | INFO | bot |    - Composite: 0.203, EMA: 0.100
2025-12-01 19:56:13 | INFO | bot |    - Result: HOLD0, reason: below_threshold
2025-12-01 19:56:13 | DEBUG | bot | [SIGNAL_DEBUG] SOLUSDT: imb=-2.06, mom=-54.73473957730576, vol=0.828
2025-12-01 19:56:13 | DEBUG | bot | [SIGNAL_DEBUG] SOLUSDT: bayesian=NEUTRAL, freq=NORMAL, vol_confirm=NEUTRAL
2025-12-01 19:56:13 | INFO | bot | [VOLATILITY_REAL] ADAUSDT: 3422 trades, range=0.908%, atr=0.003%, std=0.203%
2025-12-01 19:56:13 | DEBUG | bot | [ADAPTIVE_WINDOW] ADAUSDT: vol=0.203%, base=30s, adaptive=45s, multiplier=1.50
2025-12-01 19:56:13 | DEBUG | bot | [ADAPTIVE_WINDOW] ADAUSDT: vol=0.203%, base=300s, adaptive=450s, multiplier=1.50
2025-12-01 19:56:13 | DEBUG | bot | [ADAPTIVE_WINDOW] ADAUSDT: vol=0.203%, base=15s, adaptive=22s, multiplier=1.50
2025-12-01 19:56:13 | DEBUG | bot | [ADAPTIVE_WINDOW] ADAUSDT: vol=0.203%, base=60s, adaptive=90s, multiplier=1.50
2025-12-01 19:56:13 | DEBUG | bot | [ADAPTIVE_WINDOW] ADAUSDT: vol=0.203%, base=120s, adaptive=180s, multiplier=1.50
2025-12-01 19:56:13 | DEBUG | bot | [VWAP_CALC] 77 trades, total_quantity=65223.0, vwap=0.375217
2025-12-01 19:56:13 | INFO | bot | [IMBALANCE_CALC] ADAUSDT: 50 bids, 50 asks, bid_volume=$3430158.22, ask_volume=$3063616.86
2025-12-01 19:56:13 | INFO | bot | [ADAPTIVE_CLUSTER] ADAUSDT: 22min - POC=0.373900 (dist=-0.41%), strength=1.00, supports=3, resistances=2
2025-12-01 19:56:13 | DEBUG | bot | [IMBALANCE] ADAUSDT: imb=5.0, hist=4.5, weighted=14.4, effective=3.1, bayesian=BULLISH, trade_imb=52.0%
2025-12-01 19:56:13 | DEBUG | bot | [SIGNAL_DEBUG] ADAUSDT: imb=3.09, mom=18.598992593580434, vol=0.908
2025-12-01 19:56:13 | DEBUG | bot | [SIGNAL_DEBUG] ADAUSDT: bayesian=BULLISH, freq=NORMAL, vol_confirm=NEUTRAL
2025-12-01 19:56:13 | INFO | bot | [VOLATILITY_REAL] DOGEUSDT: 9678 trades, range=1.017%, atr=0.001%, std=0.261%
2025-12-01 19:56:13 | DEBUG | bot | [ADAPTIVE_WINDOW] DOGEUSDT: vol=0.261%, base=30s, adaptive=45s, multiplier=1.50
2025-12-01 19:56:13 | DEBUG | bot | [ADAPTIVE_WINDOW] DOGEUSDT: vol=0.261%, base=300s, adaptive=450s, multiplier=1.50
2025-12-01 19:56:13 | DEBUG | bot | [ADAPTIVE_WINDOW] DOGEUSDT: vol=0.261%, base=15s, adaptive=22s, multiplier=1.50
2025-12-01 19:56:13 | DEBUG | bot | [ADAPTIVE_WINDOW] DOGEUSDT: vol=0.261%, base=60s, adaptive=90s, multiplier=1.50
2025-12-01 19:56:13 | DEBUG | bot | [ADAPTIVE_WINDOW] DOGEUSDT: vol=0.261%, base=120s, adaptive=180s, multiplier=1.50
2025-12-01 19:56:13 | INFO | bot | [ADAPTIVE_MOMENTUM] DOGEUSDT: combined=-69.3% windows=[22, 45, 90, 180]
2025-12-01 19:56:13 | DEBUG | bot | [VWAP_CALC] 269 trades, total_quantity=815080.0, vwap=0.132962
2025-12-01 19:56:13 | INFO | bot | [IMBALANCE_CALC] DOGEUSDT: 50 bids, 50 asks, bid_volume=$4704173.88, ask_volume=$4682090.88
2025-12-01 19:56:13 | INFO | bot | [ADAPTIVE_CLUSTER] DOGEUSDT: 22min - POC=0.133000 (dist=-0.03%), strength=1.00, supports=3, resistances=3
2025-12-01 19:56:13 | DEBUG | bot | [IMBALANCE] DOGEUSDT: imb=2.2, hist=6.8, weighted=38.7, effective=5.1, bayesian=BULLISH, trade_imb=72.0%
2025-12-01 19:56:13 | INFO | bot | ðŸ” [SIGNAL_DEBUG] DOGEUSDT: 
2025-12-01 19:56:13 | INFO | bot |    - Imbalance: 5.1 -> factor: 0.051
2025-12-01 19:56:13 | INFO | bot |    - Momentum: -69.3 -> factor: -0.693
2025-12-01 19:56:13 | INFO | bot |    - Bayesian: BULLISH -> factor: 0.404
2025-12-01 19:56:13 | INFO | bot |    - Large Orders: STRONG_BUY -> factor: 0.800
2025-12-01 19:56:13 | INFO | bot |    - Frequency: NORMAL -> factor: 0.000
2025-12-01 19:56:13 | INFO | bot |    - Vol Confirm: NEUTRAL -> factor: 0.000
2025-12-01 19:56:13 | INFO | bot |    - Composite: 0.297, EMA: 0.212
2025-12-01 19:56:13 | INFO | bot |    - Result: HOLD0, reason: weak_signal
2025-12-01 19:56:13 | DEBUG | bot | [SIGNAL_DEBUG] DOGEUSDT: imb=5.12, mom=-69.28402332469865, vol=1.017
2025-12-01 19:56:13 | DEBUG | bot | [SIGNAL_DEBUG] DOGEUSDT: bayesian=BULLISH, freq=NORMAL, vol_confirm=NEUTRAL
2025-12-01 19:56:15 | INFO | bot | [VOLATILITY_REAL] AVAXUSDT: 5266 trades, range=0.986%, atr=0.002%, std=0.245%
2025-12-01 19:56:15 | DEBUG | bot | [ADAPTIVE_WINDOW] AVAXUSDT: vol=0.245%, base=30s, adaptive=45s, multiplier=1.50
2025-12-01 19:56:15 | DEBUG | bot | [ADAPTIVE_WINDOW] AVAXUSDT: vol=0.245%, base=300s, adaptive=450s, multiplier=1.50
2025-12-01 19:56:15 | DEBUG | bot | [ADAPTIVE_WINDOW] AVAXUSDT: vol=0.245%, base=15s, adaptive=22s, multiplier=1.50
2025-12-01 19:56:15 | DEBUG | bot | [ADAPTIVE_WINDOW] AVAXUSDT: vol=0.245%, base=60s, adaptive=90s, multiplier=1.50
2025-12-01 19:56:15 | DEBUG | bot | [ADAPTIVE_WINDOW] AVAXUSDT: vol=0.245%, base=120s, adaptive=180s, multiplier=1.50
2025-12-01 19:56:15 | INFO | bot | [ADAPTIVE_MOMENTUM] AVAXUSDT: combined=-52.6% windows=[22, 45, 90, 180]
2025-12-01 19:56:15 | DEBUG | bot | [VWAP_CALC] 115 trades, total_quantity=2363.0, vwap=12.693224
2025-12-01 19:56:15 | INFO | bot | [IMBALANCE_CALC] AVAXUSDT: 50 bids, 50 asks, bid_volume=$677849.08, ask_volume=$610495.65
2025-12-01 19:56:15 | INFO | bot | [ADAPTIVE_CLUSTER] AVAXUSDT: 22min - POC=12.721000 (dist=0.18%), strength=1.00, supports=3, resistances=3
2025-12-01 19:56:15 | DEBUG | bot | [IMBALANCE] AVAXUSDT: imb=7.9, hist=6.1, weighted=8.6, effective=5.7, bayesian=BULLISH, trade_imb=84.0%
2025-12-01 19:56:15 | INFO | bot | ðŸ” [SIGNAL_DEBUG] AVAXUSDT: 
2025-12-01 19:56:15 | INFO | bot |    - Imbalance: 5.7 -> factor: 0.057
2025-12-01 19:56:15 | INFO | bot |    - Momentum: -52.6 -> factor: -0.526
2025-12-01 19:56:15 | INFO | bot |    - Bayesian: BULLISH -> factor: 0.402
2025-12-01 19:56:15 | INFO | bot |    - Large Orders: STRONG_SELL -> factor: -0.800
2025-12-01 19:56:15 | INFO | bot |    - Frequency: NORMAL -> factor: 0.000
2025-12-01 19:56:15 | INFO | bot |    - Vol Confirm: NEUTRAL -> factor: 0.000
2025-12-01 19:56:15 | INFO | bot |    - Composite: -0.024, EMA: -0.089
2025-12-01 19:56:15 | INFO | bot |    - Result: HOLD0, reason: below_threshold
2025-12-01 19:56:15 | DEBUG | bot | [SIGNAL_DEBUG] AVAXUSDT: imb=5.74, mom=-52.571558922575456, vol=0.986
2025-12-01 19:56:15 | DEBUG | bot | [SIGNAL_DEBUG] AVAXUSDT: bayesian=BULLISH, freq=NORMAL, vol_confirm=NEUTRAL
2025-12-01 19:56:15 | INFO | bot | [VOLATILITY_REAL] TRXUSDT: 949 trades, range=0.169%, atr=0.001%, std=0.036%
2025-12-01 19:56:15 | DEBUG | bot | [ADAPTIVE_WINDOW] TRXUSDT: vol=0.036%, base=30s, adaptive=45s, multiplier=1.50
2025-12-01 19:56:15 | DEBUG | bot | [ADAPTIVE_WINDOW] TRXUSDT: vol=0.036%, base=300s, adaptive=450s, multiplier=1.50
2025-12-01 19:56:15 | INFO | bot | [ADAPTIVE_MOMENTUM] TRXUSDT: combined=-95.9% windows=[22, 45, 90, 180]
2025-12-01 19:56:15 | DEBUG | bot | [VWAP_CALC] 54 trades, total_quantity=189433.0, vwap=0.277927
2025-12-01 19:56:15 | INFO | bot | [IMBALANCE_CALC] TRXUSDT: 50 bids, 50 asks, bid_volume=$202109.40, ask_volume=$210044.44
2025-12-01 19:56:15 | INFO | bot | [ADAPTIVE_CLUSTER] TRXUSDT: 22min - POC=0.277900 (dist=0.03%), strength=1.00, supports=2, resistances=2
2025-12-01 19:56:15 | DEBUG | bot | [IMBALANCE] TRXUSDT: imb=27.4, hist=64.4, weighted=-25.0, effective=29.1, bayesian=BULLISH, trade_imb=-52.0%
2025-12-01 19:56:15 | INFO | bot | ðŸ” [SIGNAL_DEBUG] TRXUSDT: 
2025-12-01 19:56:15 | INFO | bot |    - Imbalance: 29.1 -> factor: 0.291
2025-12-01 19:56:15 | INFO | bot |    - Momentum: -95.9 -> factor: -0.959
2025-12-01 19:56:15 | INFO | bot |    - Bayesian: BULLISH -> factor: 0.186
2025-12-01 19:56:15 | INFO | bot |    - Large Orders: STRONG_SELL -> factor: -0.800
2025-12-01 19:56:15 | INFO | bot |    - Frequency: VERY_HIGH -> factor: -0.500
2025-12-01 19:56:15 | INFO | bot |    - Vol Confirm: NEUTRAL -> factor: 0.000
2025-12-01 19:56:15 | INFO | bot |    - Composite: -0.067, EMA: -0.031
2025-12-01 19:56:15 | DEBUG | bot | [OHARA_FILTER] TRXUSDT: VERY_HIGH activity - avoiding trade
2025-12-01 19:56:15 | INFO | bot |    - Result: HOLD0, reason: very_high_activity
2025-12-01 19:56:15 | DEBUG | bot | [SIGNAL_DEBUG] TRXUSDT: imb=29.07, mom=-95.85415117540134, vol=0.169
2025-12-01 19:56:15 | DEBUG | bot | [SIGNAL_DEBUG] TRXUSDT: bayesian=BULLISH, freq=VERY_HIGH, vol_confirm=NEUTRAL
2025-12-01 19:56:15 | DEBUG | bot | [OHARA_FILTER] TRXUSDT: VERY_HIGH activity - avoiding trade
2025-12-01 19:56:15 | INFO | bot | [VOLATILITY_REAL] HFTUSDT: 310 trades, range=1.369%, atr=0.026%, std=0.307%
2025-12-01 19:56:15 | INFO | bot | [IMBALANCE_CALC] HFTUSDT: 50 bids, 50 asks, bid_volume=$24398.27, ask_volume=$15904.07
2025-12-01 19:56:15 | INFO | bot | [ADAPTIVE_CLUSTER] HFTUSDT: 22min - POC=0.031400 (dist=0.03%), strength=1.00, supports=2, resistances=3
2025-12-01 19:56:15 | DEBUG | bot | [IMBALANCE] HFTUSDT: imb=22.1, hist=30.5, weighted=-27.7, effective=16.9, bayesian=NEUTRAL, trade_imb=16.0%
2025-12-01 19:56:15 | DEBUG | bot | [SIGNAL_DEBUG] HFTUSDT: imb=16.93, mom=0.0, vol=1.369
2025-12-01 19:56:15 | DEBUG | bot | [SIGNAL_DEBUG] HFTUSDT: bayesian=NEUTRAL, freq=VERY_LOW, vol_confirm=NEUTRAL
2025-12-01 19:56:15 | DEBUG | bot | [OHARA_FILTER] HFTUSDT: VERY_LOW activity - low liquidity
2025-12-01 19:56:15 | DEBUG | bot | [OHARA_FILTER] HFTUSDT: O'Hara score too low (2/5)
2025-12-01 19:56:17 | INFO | bot | [VOLATILITY_REAL] AAVEUSDT: 4749 trades, range=0.962%, atr=0.003%, std=0.204%
2025-12-01 19:56:17 | DEBUG | bot | [ADAPTIVE_WINDOW] AAVEUSDT: vol=0.204%, base=30s, adaptive=45s, multiplier=1.50
2025-12-01 19:56:17 | DEBUG | bot | [ADAPTIVE_WINDOW] AAVEUSDT: vol=0.204%, base=300s, adaptive=450s, multiplier=1.50
2025-12-01 19:56:17 | DEBUG | bot | [ADAPTIVE_WINDOW] AAVEUSDT: vol=0.205%, base=15s, adaptive=22s, multiplier=1.50
2025-12-01 19:56:17 | DEBUG | bot | [ADAPTIVE_WINDOW] AAVEUSDT: vol=0.205%, base=60s, adaptive=90s, multiplier=1.50
2025-12-01 19:56:17 | DEBUG | bot | [ADAPTIVE_WINDOW] AAVEUSDT: vol=0.205%, base=120s, adaptive=180s, multiplier=1.50
2025-12-01 19:56:17 | INFO | bot | [ADAPTIVE_MOMENTUM] AAVEUSDT: combined=-79.9% windows=[22, 45, 90, 180]
2025-12-01 19:56:17 | DEBUG | bot | [VWAP_CALC] 112 trades, total_quantity=68.44, vwap=164.229088
2025-12-01 19:56:17 | INFO | bot | [IMBALANCE_CALC] AAVEUSDT: 50 bids, 50 asks, bid_volume=$345265.62, ask_volume=$280630.58
2025-12-01 19:56:17 | INFO | bot | [ADAPTIVE_CLUSTER] AAVEUSDT: 22min - POC=164.500000 (dist=0.09%), strength=1.00, supports=2, resistances=3
2025-12-01 19:56:17 | DEBUG | bot | [IMBALANCE] AAVEUSDT: imb=14.7, hist=12.4, weighted=-39.6, effective=8.0, bayesian=BULLISH, trade_imb=12.0%
2025-12-01 19:56:17 | INFO | bot | ðŸ” [SIGNAL_DEBUG] AAVEUSDT: 
2025-12-01 19:56:17 | INFO | bot |    - Imbalance: 8.0 -> factor: 0.080
2025-12-01 19:56:17 | INFO | bot |    - Momentum: -79.9 -> factor: -0.799
2025-12-01 19:56:17 | INFO | bot |    - Bayesian: BULLISH -> factor: 0.490
2025-12-01 19:56:17 | INFO | bot |    - Large Orders: STRONG_BUY -> factor: 0.800
2025-12-01 19:56:17 | INFO | bot |    - Frequency: NORMAL -> factor: 0.000
2025-12-01 19:56:17 | INFO | bot |    - Vol Confirm: NEUTRAL -> factor: 0.000
2025-12-01 19:56:17 | INFO | bot |    - Composite: -0.026, EMA: 0.134
2025-12-01 19:56:17 | INFO | bot |    - Result: HOLD0, reason: weak_signal
2025-12-01 19:56:17 | DEBUG | bot | [SIGNAL_DEBUG] AAVEUSDT: imb=7.99, mom=-79.92367646131132, vol=0.962
2025-12-01 19:56:17 | DEBUG | bot | [SIGNAL_DEBUG] AAVEUSDT: bayesian=BULLISH, freq=NORMAL, vol_confirm=NEUTRAL
2025-12-01 19:56:17 | INFO | bot | [VOLATILITY_REAL] STRKUSDT: 2782 trades, range=1.013%, atr=0.005%, std=0.279%
2025-12-01 19:56:17 | DEBUG | bot | [ADAPTIVE_WINDOW] STRKUSDT: vol=0.279%, base=30s, adaptive=45s, multiplier=1.50
2025-12-01 19:56:17 | DEBUG | bot | [ADAPTIVE_WINDOW] STRKUSDT: vol=0.279%, base=300s, adaptive=450s, multiplier=1.50
2025-12-01 19:56:17 | INFO | bot | [ADAPTIVE_MOMENTUM] STRKUSDT: combined=-31.0% windows=[22, 45, 90, 180]
2025-12-01 19:56:17 | DEBUG | bot | [VWAP_CALC] 62 trades, total_quantity=32533.9, vwap=0.118708
2025-12-01 19:56:17 | INFO | bot | [IMBALANCE_CALC] STRKUSDT: 50 bids, 50 asks, bid_volume=$886608.75, ask_volume=$807888.67
2025-12-01 19:56:17 | INFO | bot | [ADAPTIVE_CLUSTER] STRKUSDT: 22min - POC=0.118600 (dist=-0.04%), strength=1.00, supports=3, resistances=3
2025-12-01 19:56:17 | DEBUG | bot | [IMBALANCE] STRKUSDT: imb=8.8, hist=11.0, weighted=14.3, effective=8.2, bayesian=BEARISH, trade_imb=-80.0%
2025-12-01 19:56:17 | DEBUG | bot | [SIGNAL_DEBUG] STRKUSDT: imb=8.15, mom=-31.03400115368944, vol=1.013
2025-12-01 19:56:17 | DEBUG | bot | [SIGNAL_DEBUG] STRKUSDT: bayesian=BEARISH, freq=NORMAL, vol_confirm=NEUTRAL
2025-12-01 19:56:19 | INFO | bot | [VOLATILITY_REAL] BTCUSDT: 57159 trades, range=0.707%, atr=0.000%, std=0.178%
2025-12-01 19:56:19 | DEBUG | bot | [VWAP_CALC] 2094 trades, total_quantity=53.897, vwap=84970.594335
2025-12-01 19:56:19 | INFO | bot | [IMBALANCE_CALC] BTCUSDT: 50 bids, 50 asks, bid_volume=$2002289.50, ask_volume=$409614.79
2025-12-01 19:56:19 | INFO | bot | [ADAPTIVE_CLUSTER] BTCUSDT: 22min - POC=85194.100000 (dist=0.23%), strength=1.00, supports=3, resistances=3
2025-12-01 19:56:19 | DEBUG | bot | [IMBALANCE] BTCUSDT: imb=49.5, hist=23.8, weighted=73.7, effective=34.8, bayesian=BULLISH, trade_imb=12.0%
2025-12-01 19:56:19 | DEBUG | bot | [SIGNAL_DEBUG] BTCUSDT: imb=34.79, mom=-3.2766693161288756, vol=0.707
2025-12-01 19:56:19 | DEBUG | bot | [SIGNAL_DEBUG] BTCUSDT: bayesian=BULLISH, freq=NORMAL, vol_confirm=NEUTRAL
2025-12-01 19:56:19 | INFO | bot | [VOLATILITY_REAL] ETHUSDT: 41192 trades, range=0.688%, atr=0.000%, std=0.157%
2025-12-01 19:56:19 | DEBUG | bot | [VWAP_CALC] 1187 trades, total_quantity=449.92, vwap=2743.016174
2025-12-01 19:56:19 | INFO | bot | [IMBALANCE_CALC] ETHUSDT: 50 bids, 50 asks, bid_volume=$617995.06, ask_volume=$263359.52
2025-12-01 19:56:19 | INFO | bot | [ADAPTIVE_CLUSTER] ETHUSDT: 22min - POC=2748.860000 (dist=0.17%), strength=1.00, supports=3, resistances=3
2025-12-01 19:56:19 | DEBUG | bot | [IMBALANCE] ETHUSDT: imb=26.7, hist=14.7, weighted=33.8, effective=16.8, bayesian=BULLISH, trade_imb=0.0%
2025-12-01 19:56:19 | DEBUG | bot | [SIGNAL_DEBUG] ETHUSDT: imb=16.78, mom=-7.351561242482738, vol=0.688
2025-12-01 19:56:19 | DEBUG | bot | [SIGNAL_DEBUG] ETHUSDT: bayesian=BULLISH, freq=NORMAL, vol_confirm=NEUTRAL
2025-12-01 19:56:19 | INFO | bot | [VOLATILITY_REAL] BNBUSDT: 3083 trades, range=0.726%, atr=0.002%, std=0.165%
2025-12-01 19:56:19 | INFO | bot | [ADAPTIVE_MOMENTUM] BNBUSDT: combined=-72.1% windows=[22, 45, 90, 180]
2025-12-01 19:56:19 | DEBUG | bot | [VWAP_CALC] 85 trades, total_quantity=47.83, vwap=812.996613
2025-12-01 19:56:19 | INFO | bot | [IMBALANCE_CALC] BNBUSDT: 50 bids, 50 asks, bid_volume=$3028928.60, ask_volume=$2572563.51
2025-12-01 19:56:19 | INFO | bot | [ADAPTIVE_CLUSTER] BNBUSDT: 22min - POC=814.900000 (dist=0.22%), strength=1.00, supports=3, resistances=3
2025-12-01 19:56:19 | DEBUG | bot | [IMBALANCE] BNBUSDT: imb=10.8, hist=8.4, weighted=18.7, effective=7.5, bayesian=NEUTRAL, trade_imb=-44.0%
2025-12-01 19:56:19 | INFO | bot | ðŸ” [SIGNAL_DEBUG] BNBUSDT: 
2025-12-01 19:56:19 | INFO | bot |    - Imbalance: 7.5 -> factor: 0.075
2025-12-01 19:56:19 | INFO | bot |    - Momentum: -72.1 -> factor: -0.721
2025-12-01 19:56:19 | INFO | bot |    - Bayesian: NEUTRAL -> factor: 0.000
2025-12-01 19:56:19 | INFO | bot |    - Large Orders: MEDIUM_BUY -> factor: 0.400
2025-12-01 19:56:19 | INFO | bot |    - Frequency: NORMAL -> factor: 0.000
2025-12-01 19:56:19 | INFO | bot |    - Vol Confirm: NEUTRAL -> factor: 0.000
2025-12-01 19:56:19 | INFO | bot |    - Composite: -0.084, EMA: -0.027
2025-12-01 19:56:19 | INFO | bot |    - Result: HOLD0, reason: below_threshold
2025-12-01 19:56:19 | DEBUG | bot | [SIGNAL_DEBUG] BNBUSDT: imb=7.48, mom=-72.07800530550965, vol=0.726
2025-12-01 19:56:19 | DEBUG | bot | [SIGNAL_DEBUG] BNBUSDT: bayesian=NEUTRAL, freq=NORMAL, vol_confirm=NEUTRAL
2025-12-01 19:56:19 | DEBUG | bot | [OHARA_FILTER] BNBUSDT: O'Hara score too low (4/5)
2025-12-01 19:56:21 | INFO | bot | [VOLATILITY_REAL] SOLUSDT: 17294 trades, range=0.828%, atr=0.001%, std=0.200%
2025-12-01 19:56:21 | DEBUG | bot | [VWAP_CALC] 455 trades, total_quantity=4326.3, vwap=124.520832
2025-12-01 19:56:21 | INFO | bot | [IMBALANCE_CALC] SOLUSDT: 50 bids, 50 asks, bid_volume=$12948918.45, ask_volume=$14720381.15
2025-12-01 19:56:21 | INFO | bot | [ADAPTIVE_CLUSTER] SOLUSDT: 22min - POC=124.750000 (dist=0.11%), strength=1.00, supports=3, resistances=3
2025-12-01 19:56:21 | DEBUG | bot | [IMBALANCE] SOLUSDT: imb=-4.1, hist=-3.1, weighted=-8.6, effective=-2.2, bayesian=BEARISH, trade_imb=36.0%
2025-12-01 19:56:21 | DEBUG | bot | [SIGNAL_DEBUG] SOLUSDT: imb=-2.19, mom=-24.433257974291834, vol=0.828
2025-12-01 19:56:21 | DEBUG | bot | [SIGNAL_DEBUG] SOLUSDT: bayesian=BEARISH, freq=NORMAL, vol_confirm=NEUTRAL
2025-12-01 19:56:21 | INFO | bot | [VOLATILITY_REAL] ADAUSDT: 3426 trades, range=0.908%, atr=0.003%, std=0.204%
2025-12-01 19:56:21 | INFO | bot | [ADAPTIVE_MOMENTUM] ADAUSDT: combined=44.3% windows=[22, 45, 90, 180]
2025-12-01 19:56:21 | DEBUG | bot | [VWAP_CALC] 81 trades, total_quantity=67272.0, vwap=0.375227
2025-12-01 19:56:21 | INFO | bot | [IMBALANCE_CALC] ADAUSDT: 50 bids, 50 asks, bid_volume=$3376438.01, ask_volume=$3148207.90
2025-12-01 19:56:21 | INFO | bot | [ADAPTIVE_CLUSTER] ADAUSDT: 22min - POC=0.373900 (dist=-0.44%), strength=1.00, supports=3, resistances=1
2025-12-01 19:56:21 | DEBUG | bot | [IMBALANCE] ADAUSDT: imb=4.5, hist=4.5, weighted=0.7, effective=2.1, bayesian=BULLISH, trade_imb=88.0%
2025-12-01 19:56:21 | DEBUG | bot | [SIGNAL_DEBUG] ADAUSDT: imb=2.11, mom=44.26098115909973, vol=0.908
2025-12-01 19:56:21 | DEBUG | bot | [SIGNAL_DEBUG] ADAUSDT: bayesian=BULLISH, freq=NORMAL, vol_confirm=NEUTRAL
2025-12-01 19:56:21 | INFO | bot | [VOLATILITY_REAL] DOGEUSDT: 9678 trades, range=1.017%, atr=0.001%, std=0.261%
2025-12-01 19:56:21 | DEBUG | bot | [VWAP_CALC] 268 trades, total_quantity=810895.0, vwap=0.132962
2025-12-01 19:56:21 | INFO | bot | [IMBALANCE_CALC] DOGEUSDT: 50 bids, 50 asks, bid_volume=$4918539.17, ask_volume=$4781878.20
2025-12-01 19:56:21 | INFO | bot | [ADAPTIVE_CLUSTER] DOGEUSDT: 22min - POC=0.133000 (dist=-0.04%), strength=1.00, supports=3, resistances=3
2025-12-01 19:56:21 | DEBUG | bot | [IMBALANCE] DOGEUSDT: imb=3.1, hist=6.7, weighted=28.8, effective=5.2, bayesian=BULLISH, trade_imb=68.0%
2025-12-01 19:56:21 | DEBUG | bot | [SIGNAL_DEBUG] DOGEUSDT: imb=5.16, mom=-13.839931784721042, vol=1.017
2025-12-01 19:56:21 | DEBUG | bot | [SIGNAL_DEBUG] DOGEUSDT: bayesian=BULLISH, freq=NORMAL, vol_confirm=NEUTRAL
2025-12-01 19:56:23 | INFO | bot | [VOLATILITY_REAL] AVAXUSDT: 5279 trades, range=0.986%, atr=0.002%, std=0.245%
2025-12-01 19:56:23 | DEBUG | bot | [VWAP_CALC] 125 trades, total_quantity=2424.7, vwap=12.693301
2025-12-01 19:56:23 | INFO | bot | [IMBALANCE_CALC] AVAXUSDT: 50 bids, 50 asks, bid_volume=$682674.41, ask_volume=$599054.13
2025-12-01 19:56:23 | INFO | bot | [ADAPTIVE_CLUSTER] AVAXUSDT: 22min - POC=12.721000 (dist=0.19%), strength=1.00, supports=3, resistances=3
2025-12-01 19:56:23 | DEBUG | bot | [IMBALANCE] AVAXUSDT: imb=7.4, hist=6.1, weighted=-10.8, effective=4.6, bayesian=NEUTRAL, trade_imb=48.0%
2025-12-01 19:56:23 | DEBUG | bot | [SIGNAL_DEBUG] AVAXUSDT: imb=4.62, mom=-26.84272633517839, vol=0.986
2025-12-01 19:56:23 | DEBUG | bot | [SIGNAL_DEBUG] AVAXUSDT: bayesian=NEUTRAL, freq=NORMAL, vol_confirm=NEUTRAL
2025-12-01 19:56:23 | INFO | bot | [VOLATILITY_REAL] TRXUSDT: 949 trades, range=0.169%, atr=0.001%, std=0.036%
2025-12-01 19:56:23 | INFO | bot | [ADAPTIVE_MOMENTUM] TRXUSDT: combined=-46.5% windows=[22, 45, 90, 180]
2025-12-01 19:56:23 | DEBUG | bot | [VWAP_CALC] 54 trades, total_quantity=189433.0, vwap=0.277927
2025-12-01 19:56:23 | INFO | bot | [IMBALANCE_CALC] TRXUSDT: 50 bids, 50 asks, bid_volume=$200491.87, ask_volume=$209188.34
2025-12-01 19:56:23 | INFO | bot | [ADAPTIVE_CLUSTER] TRXUSDT: 22min - POC=0.277900 (dist=0.03%), strength=1.00, supports=2, resistances=2
2025-12-01 19:56:23 | DEBUG | bot | [IMBALANCE] TRXUSDT: imb=18.3, hist=61.0, weighted=-24.3, effective=24.2, bayesian=BULLISH, trade_imb=-52.0%
2025-12-01 19:56:23 | DEBUG | bot | [SIGNAL_DEBUG] TRXUSDT: imb=24.24, mom=-46.516077319436576, vol=0.169
2025-12-01 19:56:23 | DEBUG | bot | [SIGNAL_DEBUG] TRXUSDT: bayesian=BULLISH, freq=VERY_HIGH, vol_confirm=NEUTRAL
2025-12-01 19:56:23 | DEBUG | bot | [OHARA_FILTER] TRXUSDT: VERY_HIGH activity - avoiding trade